<?xml version="1.0" encoding="UTF-8"?>
<!-- Generated by org.testng.reporters.JUnitReportReporter -->
<testsuite hostname="LTIN514045" failures="0" tests="3" name="testRunner.TestRunner" time="79.405" errors="0" timestamp="2024-06-18T11:13:58 IST" skipped="0">
  <testcase classname="testRunner.TestRunner" name="runScenario" time="25.516"/>
  <testcase classname="testRunner.TestRunner" name="runScenario" time="36.524"/>
  <testcase classname="testRunner.TestRunner" name="runScenario" time="17.365"/>
</testsuite> <!-- testRunner.TestRunner -->
