<?xml version="1.0" encoding="UTF-8"?>
<!-- Generated by org.testng.reporters.JUnitReportReporter -->
<testsuite hostname="LTIN514045" failures="0" tests="3" name="testRunner.TestRunner" time="61.239" errors="0" timestamp="2024-06-17T17:34:31 IST" skipped="0">
  <testcase classname="testRunner.TestRunner" name="runScenario" time="19.249"/>
  <testcase classname="testRunner.TestRunner" name="runScenario" time="28.240"/>
  <testcase classname="testRunner.TestRunner" name="runScenario" time="13.750"/>
</testsuite> <!-- testRunner.TestRunner -->
