<?xml version="1.0" encoding="UTF-8"?>
<!-- Generated by org.testng.reporters.JUnitReportReporter -->
<testsuite hostname="LTIN514045" failures="0" tests="3" name="testRunner.TestRunner" time="55.164" errors="0" timestamp="2024-06-20T10:46:36 IST" skipped="0">
  <testcase classname="testRunner.TestRunner" name="runScenario" time="28.483"/>
  <testcase classname="testRunner.TestRunner" name="runScenario" time="17.003"/>
  <testcase classname="testRunner.TestRunner" name="runScenario" time="9.678"/>
</testsuite> <!-- testRunner.TestRunner -->
