<?xml version="1.0" encoding="UTF-8"?>
<!-- Generated by org.testng.reporters.JUnitReportReporter -->
<testsuite hostname="LTIN514045" failures="0" tests="3" name="testRunner.TestRunner" time="68.451" errors="0" timestamp="2024-06-21T10:03:06 IST" skipped="0">
  <testcase classname="testRunner.TestRunner" name="runScenario" time="21.269"/>
  <testcase classname="testRunner.TestRunner" name="runScenario" time="32.359"/>
  <testcase classname="testRunner.TestRunner" name="runScenario" time="14.823"/>
</testsuite> <!-- testRunner.TestRunner -->
