<?xml version="1.0" encoding="UTF-8"?>
<!-- Generated by org.testng.reporters.JUnitReportReporter -->
<testsuite hostname="LTIN514045" failures="0" tests="3" name="testRunner.TestRunner" time="62.407" errors="0" timestamp="2024-06-17T16:44:01 IST" skipped="0">
  <testcase classname="testRunner.TestRunner" name="runScenario" time="19.745"/>
  <testcase classname="testRunner.TestRunner" name="runScenario" time="29.224"/>
  <testcase classname="testRunner.TestRunner" name="runScenario" time="13.438"/>
</testsuite> <!-- testRunner.TestRunner -->
