<?xml version="1.0" encoding="UTF-8"?>
<!-- Generated by org.testng.reporters.JUnitReportReporter -->
<testsuite hostname="LTIN514045" failures="0" tests="3" name="testRunner.TestRunner" time="90.381" errors="0" timestamp="2024-06-20T10:10:35 IST" skipped="0">
  <testcase classname="testRunner.TestRunner" name="runScenario" time="45.263"/>
  <testcase classname="testRunner.TestRunner" name="runScenario" time="23.502"/>
  <testcase classname="testRunner.TestRunner" name="runScenario" time="21.616"/>
</testsuite> <!-- testRunner.TestRunner -->
