<?xml version="1.0" encoding="UTF-8"?>
<!-- Generated by org.testng.reporters.JUnitReportReporter -->
<testsuite hostname="LTIN514045" failures="0" tests="3" name="testRunner.TestRunner" time="66.641" errors="0" timestamp="2024-06-17T11:17:33 IST" skipped="0">
  <testcase classname="testRunner.TestRunner" name="runScenario" time="15.648"/>
  <testcase classname="testRunner.TestRunner" name="runScenario" time="30.203"/>
  <testcase classname="testRunner.TestRunner" name="runScenario" time="20.790"/>
</testsuite> <!-- testRunner.TestRunner -->
