<?xml version="1.0" encoding="UTF-8"?>
<!-- Generated by org.testng.reporters.JUnitReportReporter -->
<testsuite hostname="LTIN514045" failures="0" tests="3" name="testRunner.TestRunner" time="40.926" errors="0" timestamp="2024-06-20T11:31:16 IST" skipped="0">
  <testcase classname="testRunner.TestRunner" name="runScenario" time="17.228"/>
  <testcase classname="testRunner.TestRunner" name="runScenario" time="13.551"/>
  <testcase classname="testRunner.TestRunner" name="runScenario" time="10.147"/>
</testsuite> <!-- testRunner.TestRunner -->
