<?xml version="1.0" encoding="UTF-8"?>
<!-- Generated by org.testng.reporters.JUnitReportReporter -->
<testsuite hostname="LTIN514045" failures="1" tests="3" name="testRunner.TestRunner" time="297.135" errors="1" timestamp="2024-06-17T11:33:11 IST" skipped="0">
  <testcase classname="testRunner.TestRunner" name="runScenario" time="98.829"/>
  <testcase classname="testRunner.TestRunner" name="runScenario" time="98.842">
    <error message="For input string: &quot;₹ 4.99&quot;" type="java.lang.NumberFormatException">
      <![CDATA[java.lang.NumberFormatException: For input string: "₹ 4.99"
at java.base/jdk.internal.math.FloatingDecimal.readJavaFormatString(FloatingDecimal.java:2054)
at java.base/jdk.internal.math.FloatingDecimal.parseDouble(FloatingDecimal.java:110)
at java.base/java.lang.Double.parseDouble(Double.java:651)
at pageObject.UpcomingBikes.bikesLessthanFourLakhs(UpcomingBikes.java:73)
at stepDefinition.UpcomingBikesDefinition.printingUpcomingBikes(UpcomingBikesDefinition.java:47)
at ✽.printing the upcoming bikes with price less than four lakhs(file:///C:/Users/2318906/eclipse-workspace/HandsOnJava/HackathonProject/./Feature/IdentifyNewBikes.feature:7)
]]>
    </error>
  </testcase> <!-- runScenario -->
  <testcase classname="testRunner.TestRunner" name="runScenario" time="99.464">
    <failure message="expected:&lt;Couldn[’]t find your Google A...&gt; but was:&lt;Couldn[â€™]t find your Google A...&gt;" type="org.junit.ComparisonFailure">
      <![CDATA[org.junit.ComparisonFailure: expected:<Couldn[’]t find your Google A...> but was:<Couldn[â€™]t find your Google A...>
at org.junit.Assert.assertEquals(Assert.java:117)
at org.junit.Assert.assertEquals(Assert.java:146)
at stepDefinition.LoginPageDefinition.printErrorMsg(LoginPageDefinition.java:41)
at ✽.print could not find your google account(file:///C:/Users/2318906/eclipse-workspace/HandsOnJava/HackathonProject/./Feature/IdentifyNewBikes.feature:21)
]]>
    </failure>
  </testcase> <!-- runScenario -->
</testsuite> <!-- testRunner.TestRunner -->
