<?xml version="1.0" encoding="UTF-8"?>
<!-- Generated by org.testng.reporters.JUnitReportReporter -->
<testsuite hostname="LTIN514045" failures="0" tests="3" name="testRunner.TestRunner" time="154.825" errors="0" timestamp="2024-06-17T17:38:07 IST" skipped="0">
  <testcase classname="testRunner.TestRunner" name="runScenario" time="56.047"/>
  <testcase classname="testRunner.TestRunner" name="runScenario" time="52.484"/>
  <testcase classname="testRunner.TestRunner" name="runScenario" time="46.294"/>
</testsuite> <!-- testRunner.TestRunner -->
